# JRE version: OpenJDK Runtime Environment (11.0.15) (build 11.0.15+0-b2043.56-9505619)
# Java VM: OpenJDK 64-Bit Server VM (11.0.15+0-b2043.56-9505619, mixed mode, tiered, compressed oops, g1 gc, windows-amd64)
Heap:
 garbage-first heap   total 310272K, used 264232K [0x0000000080000000, 0x0000000100000000)
  region size 1024K, 13 young (13312K), 3 survivors (3072K)
 Metaspace       used 118792K, capacity 122383K, committed 122532K, reserved 1155072K
  class space    used 15035K, capacity 16382K, committed 16408K, reserved 1048576K
GC Heap History (20 events):
Event: 284.248 GC heap before
{Heap before GC invocations=47 (full 0):
 garbage-first heap   total 258048K, used 223949K [0x0000000080000000, 0x0000000100000000)
  region size 1024K, 24 young (24576K), 1 survivors (1024K)
 Metaspace       used 117852K, capacity 121345K, committed 121508K, reserved 1155072K
  class space    used 14966K, capacity 16261K, committed 16408K, reserved 1048576K
}
Event: 284.256 GC heap after
{Heap after GC invocations=48 (full 0):
 garbage-first heap   total 258048K, used 205230K [0x0000000080000000, 0x0000000100000000)
  region size 1024K, 3 young (3072K), 3 survivors (3072K)
 Metaspace       used 117852K, capacity 121345K, committed 121508K, reserved 1155072K
  class space    used 14966K, capacity 16261K, committed 16408K, reserved 1048576K
}
Event: 284.905 GC heap before
{Heap before GC invocations=49 (full 0):
 garbage-first heap   total 258048K, used 224686K [0x0000000080000000, 0x0000000100000000)
  region size 1024K, 22 young (22528K), 3 survivors (3072K)
 Metaspace       used 117905K, capacity 121409K, committed 121764K, reserved 1155072K
  class space    used 14966K, capacity 16261K, committed 16408K, reserved 1048576K
}
Event: 284.918 GC heap after
{Heap after GC invocations=50 (full 0):
 garbage-first heap   total 258048K, used 211070K [0x0000000080000000, 0x0000000100000000)
  region size 1024K, 3 young (3072K), 3 survivors (3072K)
 Metaspace       used 117905K, capacity 121409K, committed 121764K, reserved 1155072K
  class space    used 14966K, capacity 16261K, committed 16408K, reserved 1048576K
}
Event: 284.934 GC heap before
{Heap before GC invocations=50 (full 0):
 garbage-first heap   total 258048K, used 211070K [0x0000000080000000, 0x0000000100000000)
  region size 1024K, 4 young (4096K), 3 survivors (3072K)
 Metaspace       used 117905K, capacity 121409K, committed 121764K, reserved 1155072K
  class space    used 14966K, capacity 16261K, committed 16408K, reserved 1048576K
}
Event: 284.941 GC heap after
{Heap after GC invocations=51 (full 0):
 garbage-first heap   total 258048K, used 212270K [0x0000000080000000, 0x0000000100000000)
  region size 1024K, 1 young (1024K), 1 survivors (1024K)
 Metaspace       used 117905K, capacity 121409K, committed 121764K, reserved 1155072K
  class space    used 14966K, capacity 16261K, committed 16408K, reserved 1048576K
}
Event: 285.265 GC heap before
{Heap before GC invocations=51 (full 0):
 garbage-first heap   total 258048K, used 232750K [0x0000000080000000, 0x0000000100000000)
  region size 1024K, 12 young (12288K), 1 survivors (1024K)
 Metaspace       used 117921K, capacity 121409K, committed 121764K, reserved 1155072K
  class space    used 14966K, capacity 16261K, committed 16408K, reserved 1048576K
}
Event: 285.278 GC heap after
{Heap after GC invocations=52 (full 0):
 garbage-first heap   total 258048K, used 221348K [0x0000000080000000, 0x0000000100000000)
  region size 1024K, 2 young (2048K), 2 survivors (2048K)
 Metaspace       used 117921K, capacity 121409K, committed 121764K, reserved 1155072K
  class space    used 14966K, capacity 16261K, committed 16408K, reserved 1048576K
}
Event: 285.571 GC heap before
{Heap before GC invocations=53 (full 0):
 garbage-first heap   total 258048K, used 230564K [0x0000000080000000, 0x0000000100000000)
  region size 1024K, 12 young (12288K), 2 survivors (2048K)
 Metaspace       used 117930K, capacity 121409K, committed 121764K, reserved 1155072K
  class space    used 14966K, capacity 16261K, committed 16408K, reserved 1048576K
}
Event: 285.583 GC heap after
{Heap after GC invocations=54 (full 0):
 garbage-first heap   total 258048K, used 225402K [0x0000000080000000, 0x0000000100000000)
  region size 1024K, 2 young (2048K), 2 survivors (2048K)
 Metaspace       used 117930K, capacity 121409K, committed 121764K, reserved 1155072K
  class space    used 14966K, capacity 16261K, committed 16408K, reserved 1048576K
}
Event: 285.778 GC heap before
{Heap before GC invocations=54 (full 0):
 garbage-first heap   total 258048K, used 235642K [0x0000000080000000, 0x0000000100000000)
  region size 1024K, 12 young (12288K), 2 survivors (2048K)
 Metaspace       used 118025K, capacity 121601K, committed 121764K, reserved 1155072K
  class space    used 14973K, capacity 16325K, committed 16408K, reserved 1048576K
}
Event: 285.787 GC heap after
{Heap after GC invocations=55 (full 0):
 garbage-first heap   total 258048K, used 227519K [0x0000000080000000, 0x0000000100000000)
  region size 1024K, 2 young (2048K), 2 survivors (2048K)
 Metaspace       used 118025K, capacity 121601K, committed 121764K, reserved 1155072K
  class space    used 14973K, capacity 16325K, committed 16408K, reserved 1048576K
}
Event: 286.438 GC heap before
{Heap before GC invocations=55 (full 0):
 garbage-first heap   total 258048K, used 235711K [0x0000000080000000, 0x0000000100000000)
  region size 1024K, 12 young (12288K), 2 survivors (2048K)
 Metaspace       used 118289K, capacity 121857K, committed 122020K, reserved 1155072K
  class space    used 14995K, capacity 16325K, committed 16408K, reserved 1048576K
}
Event: 286.451 GC heap after
{Heap after GC invocations=56 (full 0):
 garbage-first heap   total 258048K, used 229826K [0x0000000080000000, 0x0000000100000000)
  region size 1024K, 2 young (2048K), 2 survivors (2048K)
 Metaspace       used 118289K, capacity 121857K, committed 122020K, reserved 1155072K
  class space    used 14995K, capacity 16325K, committed 16408K, reserved 1048576K
}
Event: 287.548 GC heap before
{Heap before GC invocations=57 (full 0):
 garbage-first heap   total 258048K, used 247234K [0x0000000080000000, 0x0000000100000000)
  region size 1024K, 12 young (12288K), 2 survivors (2048K)
 Metaspace       used 118361K, capacity 121900K, committed 122020K, reserved 1155072K
  class space    used 15004K, capacity 16338K, committed 16408K, reserved 1048576K
}
Event: 287.565 GC heap after
{Heap after GC invocations=58 (full 0):
 garbage-first heap   total 310272K, used 231082K [0x0000000080000000, 0x0000000100000000)
  region size 1024K, 2 young (2048K), 2 survivors (2048K)
 Metaspace       used 118361K, capacity 121900K, committed 122020K, reserved 1155072K
  class space    used 15004K, capacity 16338K, committed 16408K, reserved 1048576K
}
Event: 288.150 GC heap before
{Heap before GC invocations=58 (full 0):
 garbage-first heap   total 310272K, used 244394K [0x0000000080000000, 0x0000000100000000)
  region size 1024K, 15 young (15360K), 2 survivors (2048K)
 Metaspace       used 118398K, capacity 121900K, committed 122020K, reserved 1155072K
  class space    used 15004K, capacity 16338K, committed 16408K, reserved 1048576K
}
Event: 288.163 GC heap after
{Heap after GC invocations=59 (full 0):
 garbage-first heap   total 310272K, used 233208K [0x0000000080000000, 0x0000000100000000)
  region size 1024K, 2 young (2048K), 2 survivors (2048K)
 Metaspace       used 118398K, capacity 121900K, committed 122020K, reserved 1155072K
  class space    used 15004K, capacity 16338K, committed 16408K, reserved 1048576K
}
Event: 289.079 GC heap before
{Heap before GC invocations=59 (full 0):
 garbage-first heap   total 310272K, used 250616K [0x0000000080000000, 0x0000000100000000)
  region size 1024K, 20 young (20480K), 2 survivors (2048K)
 Metaspace       used 118490K, capacity 122064K, committed 122276K, reserved 1155072K
  class space    used 15013K, capacity 16371K, committed 16408K, reserved 1048576K
}
Event: 289.096 GC heap after
{Heap after GC invocations=60 (full 0):
 garbage-first heap   total 310272K, used 238632K [0x0000000080000000, 0x0000000100000000)
  region size 1024K, 3 young (3072K), 3 survivors (3072K)
 Metaspace       used 118490K, capacity 122064K, committed 122276K, reserved 1155072K
  class space    used 15013K, capacity 16371K, committed 16408K, reserved 1048576K
}

