# JRE version: OpenJDK Runtime Environment (11.0.15) (build 11.0.15+0-b2043.56-9505619)
# Java VM: OpenJDK 64-Bit Server VM (11.0.15+0-b2043.56-9505619, mixed mode, tiered, compressed oops, g1 gc, windows-amd64)
Heap:
 garbage-first heap   total 317440K, used 245459K [0x0000000080000000, 0x0000000100000000)
  region size 1024K, 11 young (11264K), 4 survivors (4096K)
 Metaspace       used 146363K, capacity 152524K, committed 152732K, reserved 1181696K
  class space    used 18174K, capacity 20355K, committed 20480K, reserved 1048576K
GC Heap History (20 events):
Event: 6522.852 GC heap before
{Heap before GC invocations=161 (full 0):
 garbage-first heap   total 313344K, used 238993K [0x0000000080000000, 0x0000000100000000)
  region size 1024K, 15 young (15360K), 6 survivors (6144K)
 Metaspace       used 145581K, capacity 151538K, committed 151836K, reserved 1181696K
  class space    used 18082K, capacity 20237K, committed 20352K, reserved 1048576K
}
Event: 6522.860 GC heap after
{Heap after GC invocations=162 (full 0):
 garbage-first heap   total 313344K, used 221461K [0x0000000080000000, 0x0000000100000000)
  region size 1024K, 2 young (2048K), 2 survivors (2048K)
 Metaspace       used 145581K, capacity 151538K, committed 151836K, reserved 1181696K
  class space    used 18082K, capacity 20237K, committed 20352K, reserved 1048576K
}
Event: 6522.972 GC heap before
{Heap before GC invocations=162 (full 0):
 garbage-first heap   total 313344K, used 254229K [0x0000000080000000, 0x0000000100000000)
  region size 1024K, 35 young (35840K), 2 survivors (2048K)
 Metaspace       used 145586K, capacity 151539K, committed 151836K, reserved 1181696K
  class space    used 18082K, capacity 20237K, committed 20352K, reserved 1048576K
}
Event: 6522.979 GC heap after
{Heap after GC invocations=163 (full 0):
 garbage-first heap   total 313344K, used 223204K [0x0000000080000000, 0x0000000100000000)
  region size 1024K, 4 young (4096K), 4 survivors (4096K)
 Metaspace       used 145586K, capacity 151539K, committed 151836K, reserved 1181696K
  class space    used 18082K, capacity 20237K, committed 20352K, reserved 1048576K
}
Event: 6523.177 GC heap before
{Heap before GC invocations=164 (full 0):
 garbage-first heap   total 313344K, used 263140K [0x0000000080000000, 0x0000000100000000)
  region size 1024K, 41 young (41984K), 4 survivors (4096K)
 Metaspace       used 145587K, capacity 151539K, committed 151836K, reserved 1181696K
  class space    used 18082K, capacity 20237K, committed 20352K, reserved 1048576K
}
Event: 6523.183 GC heap after
{Heap after GC invocations=165 (full 0):
 garbage-first heap   total 313344K, used 235738K [0x0000000080000000, 0x0000000100000000)
  region size 1024K, 6 young (6144K), 6 survivors (6144K)
 Metaspace       used 145587K, capacity 151539K, committed 151836K, reserved 1181696K
  class space    used 18082K, capacity 20237K, committed 20352K, reserved 1048576K
}
Event: 6523.203 GC heap before
{Heap before GC invocations=165 (full 0):
 garbage-first heap   total 313344K, used 244954K [0x0000000080000000, 0x0000000100000000)
  region size 1024K, 15 young (15360K), 6 survivors (6144K)
 Metaspace       used 145588K, capacity 151539K, committed 151836K, reserved 1181696K
  class space    used 18082K, capacity 20237K, committed 20352K, reserved 1048576K
}
Event: 6523.209 GC heap after
{Heap after GC invocations=166 (full 0):
 garbage-first heap   total 313344K, used 238422K [0x0000000080000000, 0x0000000100000000)
  region size 1024K, 2 young (2048K), 2 survivors (2048K)
 Metaspace       used 145588K, capacity 151539K, committed 151836K, reserved 1181696K
  class space    used 18082K, capacity 20237K, committed 20352K, reserved 1048576K
}
Event: 6523.345 GC heap before
{Heap before GC invocations=166 (full 0):
 garbage-first heap   total 313344K, used 264022K [0x0000000080000000, 0x0000000100000000)
  region size 1024K, 28 young (28672K), 2 survivors (2048K)
 Metaspace       used 145622K, capacity 151733K, committed 152092K, reserved 1181696K
  class space    used 18082K, capacity 20237K, committed 20352K, reserved 1048576K
}
Event: 6523.349 GC heap after
{Heap after GC invocations=167 (full 0):
 garbage-first heap   total 313344K, used 240422K [0x0000000080000000, 0x0000000100000000)
  region size 1024K, 4 young (4096K), 4 survivors (4096K)
 Metaspace       used 145622K, capacity 151733K, committed 152092K, reserved 1181696K
  class space    used 18082K, capacity 20237K, committed 20352K, reserved 1048576K
}
Event: 6572.819 GC heap before
{Heap before GC invocations=168 (full 0):
 garbage-first heap   total 313344K, used 313126K [0x0000000080000000, 0x0000000100000000)
  region size 1024K, 12 young (12288K), 4 survivors (4096K)
 Metaspace       used 145626K, capacity 151733K, committed 152092K, reserved 1181696K
  class space    used 18082K, capacity 20237K, committed 20352K, reserved 1048576K
}
Event: 6572.822 GC heap after
{Heap after GC invocations=169 (full 0):
 garbage-first heap   total 317440K, used 240156K [0x0000000080000000, 0x0000000100000000)
  region size 1024K, 2 young (2048K), 2 survivors (2048K)
 Metaspace       used 145626K, capacity 151733K, committed 152092K, reserved 1181696K
  class space    used 18082K, capacity 20237K, committed 20352K, reserved 1048576K
}
Event: 6594.658 GC heap before
{Heap before GC invocations=169 (full 0):
 garbage-first heap   total 317440K, used 253468K [0x0000000080000000, 0x0000000100000000)
  region size 1024K, 15 young (15360K), 2 survivors (2048K)
 Metaspace       used 145633K, capacity 151738K, committed 152092K, reserved 1181696K
  class space    used 18082K, capacity 20237K, committed 20352K, reserved 1048576K
}
Event: 6594.665 GC heap after
{Heap after GC invocations=170 (full 0):
 garbage-first heap   total 317440K, used 231429K [0x0000000080000000, 0x0000000100000000)
  region size 1024K, 2 young (2048K), 2 survivors (2048K)
 Metaspace       used 145633K, capacity 151738K, committed 152092K, reserved 1181696K
  class space    used 18082K, capacity 20237K, committed 20352K, reserved 1048576K
}
Event: 6594.806 GC heap before
{Heap before GC invocations=170 (full 0):
 garbage-first heap   total 317440K, used 260101K [0x0000000080000000, 0x0000000100000000)
  region size 1024K, 31 young (31744K), 2 survivors (2048K)
 Metaspace       used 145646K, capacity 151802K, committed 152092K, reserved 1181696K
  class space    used 18082K, capacity 20237K, committed 20352K, reserved 1048576K
}
Event: 6594.816 GC heap after
{Heap after GC invocations=171 (full 0):
 garbage-first heap   total 317440K, used 235642K [0x0000000080000000, 0x0000000100000000)
  region size 1024K, 4 young (4096K), 4 survivors (4096K)
 Metaspace       used 145646K, capacity 151802K, committed 152092K, reserved 1181696K
  class space    used 18082K, capacity 20237K, committed 20352K, reserved 1048576K
}
Event: 6594.947 GC heap before
{Heap before GC invocations=171 (full 0):
 garbage-first heap   total 317440K, used 263290K [0x0000000080000000, 0x0000000100000000)
  region size 1024K, 32 young (32768K), 4 survivors (4096K)
 Metaspace       used 145646K, capacity 151802K, committed 152092K, reserved 1181696K
  class space    used 18082K, capacity 20237K, committed 20352K, reserved 1048576K
}
Event: 6594.954 GC heap after
{Heap after GC invocations=172 (full 0):
 garbage-first heap   total 317440K, used 238030K [0x0000000080000000, 0x0000000100000000)
  region size 1024K, 3 young (3072K), 3 survivors (3072K)
 Metaspace       used 145646K, capacity 151802K, committed 152092K, reserved 1181696K
  class space    used 18082K, capacity 20237K, committed 20352K, reserved 1048576K
}
Event: 6603.501 GC heap before
{Heap before GC invocations=173 (full 0):
 garbage-first heap   total 317440K, used 265678K [0x0000000080000000, 0x0000000100000000)
  region size 1024K, 31 young (31744K), 3 survivors (3072K)
 Metaspace       used 145809K, capacity 151992K, committed 152092K, reserved 1181696K
  class space    used 18104K, capacity 20277K, committed 20352K, reserved 1048576K
}
Event: 6603.506 GC heap after
{Heap after GC invocations=174 (full 0):
 garbage-first heap   total 317440K, used 240339K [0x0000000080000000, 0x0000000100000000)
  region size 1024K, 4 young (4096K), 4 survivors (4096K)
 Metaspace       used 145809K, capacity 151992K, committed 152092K, reserved 1181696K
  class space    used 18104K, capacity 20277K, committed 20352K, reserved 1048576K
}

