# JRE version: OpenJDK Runtime Environment (11.0.15) (build 11.0.15+0-b2043.56-9505619)
# Java VM: OpenJDK 64-Bit Server VM (11.0.15+0-b2043.56-9505619, mixed mode, tiered, compressed oops, g1 gc, windows-amd64)
Heap:
 garbage-first heap   total 310272K, used 248135K [0x0000000080000000, 0x0000000100000000)
  region size 1024K, 117 young (119808K), 17 survivors (17408K)
 Metaspace       used 103448K, capacity 106563K, committed 106652K, reserved 1142784K
  class space    used 13123K, capacity 14297K, committed 14360K, reserved 1048576K
GC Heap History (20 events):
Event: 24.653 GC heap before
{Heap before GC invocations=16 (full 0):
 garbage-first heap   total 258048K, used 184814K [0x0000000080000000, 0x0000000100000000)
  region size 1024K, 120 young (122880K), 14 survivors (14336K)
 Metaspace       used 86817K, capacity 89450K, committed 89628K, reserved 1126400K
  class space    used 11379K, capacity 12354K, committed 12440K, reserved 1048576K
}
Event: 24.681 GC heap after
{Heap after GC invocations=17 (full 0):
 garbage-first heap   total 258048K, used 83155K [0x0000000080000000, 0x0000000100000000)
  region size 1024K, 7 young (7168K), 7 survivors (7168K)
 Metaspace       used 86817K, capacity 89450K, committed 89628K, reserved 1126400K
  class space    used 11379K, capacity 12354K, committed 12440K, reserved 1048576K
}
Event: 27.231 GC heap before
{Heap before GC invocations=17 (full 0):
 garbage-first heap   total 258048K, used 208083K [0x0000000080000000, 0x0000000100000000)
  region size 1024K, 113 young (115712K), 7 survivors (7168K)
 Metaspace       used 87978K, capacity 90599K, committed 90780K, reserved 1128448K
  class space    used 11464K, capacity 12437K, committed 12568K, reserved 1048576K
}
Event: 27.279 GC heap after
{Heap after GC invocations=18 (full 0):
 garbage-first heap   total 258048K, used 111901K [0x0000000080000000, 0x0000000100000000)
  region size 1024K, 15 young (15360K), 15 survivors (15360K)
 Metaspace       used 87978K, capacity 90599K, committed 90780K, reserved 1128448K
  class space    used 11464K, capacity 12437K, committed 12568K, reserved 1048576K
}
Event: 29.036 GC heap before
{Heap before GC invocations=18 (full 0):
 garbage-first heap   total 258048K, used 208157K [0x0000000080000000, 0x0000000100000000)
  region size 1024K, 93 young (95232K), 15 survivors (15360K)
 Metaspace       used 92142K, capacity 94987K, committed 95260K, reserved 1132544K
  class space    used 11864K, capacity 12906K, committed 12952K, reserved 1048576K
}
Event: 29.072 GC heap after
{Heap after GC invocations=19 (full 0):
 garbage-first heap   total 310272K, used 120780K [0x0000000080000000, 0x0000000100000000)
  region size 1024K, 9 young (9216K), 9 survivors (9216K)
 Metaspace       used 92142K, capacity 94987K, committed 95260K, reserved 1132544K
  class space    used 11864K, capacity 12906K, committed 12952K, reserved 1048576K
}
Event: 29.883 GC heap before
{Heap before GC invocations=19 (full 0):
 garbage-first heap   total 310272K, used 223180K [0x0000000080000000, 0x0000000100000000)
  region size 1024K, 108 young (110592K), 9 survivors (9216K)
 Metaspace       used 93138K, capacity 95988K, committed 96156K, reserved 1132544K
  class space    used 11920K, capacity 12978K, committed 13080K, reserved 1048576K
}
Event: 29.896 GC heap after
{Heap after GC invocations=20 (full 0):
 garbage-first heap   total 310272K, used 123096K [0x0000000080000000, 0x0000000100000000)
  region size 1024K, 5 young (5120K), 5 survivors (5120K)
 Metaspace       used 93138K, capacity 95988K, committed 96156K, reserved 1132544K
  class space    used 11920K, capacity 12978K, committed 13080K, reserved 1048576K
}
Event: 30.478 GC heap before
{Heap before GC invocations=20 (full 0):
 garbage-first heap   total 310272K, used 227544K [0x0000000080000000, 0x0000000100000000)
  region size 1024K, 108 young (110592K), 5 survivors (5120K)
 Metaspace       used 93808K, capacity 96646K, committed 96924K, reserved 1132544K
  class space    used 11969K, capacity 13027K, committed 13080K, reserved 1048576K
}
Event: 30.486 GC heap after
{Heap after GC invocations=21 (full 0):
 garbage-first heap   total 310272K, used 124928K [0x0000000080000000, 0x0000000100000000)
  region size 1024K, 6 young (6144K), 6 survivors (6144K)
 Metaspace       used 93808K, capacity 96646K, committed 96924K, reserved 1132544K
  class space    used 11969K, capacity 13027K, committed 13080K, reserved 1048576K
}
Event: 32.560 GC heap before
{Heap before GC invocations=21 (full 0):
 garbage-first heap   total 310272K, used 236544K [0x0000000080000000, 0x0000000100000000)
  region size 1024K, 114 young (116736K), 6 survivors (6144K)
 Metaspace       used 95901K, capacity 98835K, committed 98972K, reserved 1134592K
  class space    used 12202K, capacity 13284K, committed 13336K, reserved 1048576K
}
Event: 32.572 GC heap after
{Heap after GC invocations=22 (full 0):
 garbage-first heap   total 310272K, used 123904K [0x0000000080000000, 0x0000000100000000)
  region size 1024K, 7 young (7168K), 7 survivors (7168K)
 Metaspace       used 95901K, capacity 98835K, committed 98972K, reserved 1134592K
  class space    used 12202K, capacity 13284K, committed 13336K, reserved 1048576K
}
Event: 35.011 GC heap before
{Heap before GC invocations=22 (full 0):
 garbage-first heap   total 310272K, used 238592K [0x0000000080000000, 0x0000000100000000)
  region size 1024K, 120 young (122880K), 7 survivors (7168K)
 Metaspace       used 100266K, capacity 103240K, committed 103324K, reserved 1138688K
  class space    used 12725K, capacity 13813K, committed 13848K, reserved 1048576K
}
Event: 35.030 GC heap after
{Heap after GC invocations=23 (full 0):
 garbage-first heap   total 310272K, used 127760K [0x0000000080000000, 0x0000000100000000)
  region size 1024K, 11 young (11264K), 11 survivors (11264K)
 Metaspace       used 100266K, capacity 103240K, committed 103324K, reserved 1138688K
  class space    used 12725K, capacity 13813K, committed 13848K, reserved 1048576K
}
Event: 36.102 GC heap before
{Heap before GC invocations=23 (full 0):
 garbage-first heap   total 310272K, used 243472K [0x0000000080000000, 0x0000000100000000)
  region size 1024K, 125 young (128000K), 11 survivors (11264K)
 Metaspace       used 100297K, capacity 103253K, committed 103324K, reserved 1138688K
  class space    used 12727K, capacity 13816K, committed 13848K, reserved 1048576K
}
Event: 36.119 GC heap after
{Heap after GC invocations=24 (full 0):
 garbage-first heap   total 310272K, used 128297K [0x0000000080000000, 0x0000000100000000)
  region size 1024K, 9 young (9216K), 9 survivors (9216K)
 Metaspace       used 100297K, capacity 103253K, committed 103324K, reserved 1138688K
  class space    used 12727K, capacity 13816K, committed 13848K, reserved 1048576K
}
Event: 37.872 GC heap before
{Heap before GC invocations=24 (full 0):
 garbage-first heap   total 310272K, used 247081K [0x0000000080000000, 0x0000000100000000)
  region size 1024K, 126 young (129024K), 9 survivors (9216K)
 Metaspace       used 101449K, capacity 104479K, committed 104604K, reserved 1140736K
  class space    used 12851K, capacity 13979K, committed 14104K, reserved 1048576K
}
Event: 37.897 GC heap after
{Heap after GC invocations=25 (full 0):
 garbage-first heap   total 310272K, used 135690K [0x0000000080000000, 0x0000000100000000)
  region size 1024K, 16 young (16384K), 16 survivors (16384K)
 Metaspace       used 101449K, capacity 104479K, committed 104604K, reserved 1140736K
  class space    used 12851K, capacity 13979K, committed 14104K, reserved 1048576K
}
Event: 39.276 GC heap before
{Heap before GC invocations=25 (full 0):
 garbage-first heap   total 310272K, used 250378K [0x0000000080000000, 0x0000000100000000)
  region size 1024K, 129 young (132096K), 16 survivors (16384K)
 Metaspace       used 101720K, capacity 104769K, committed 104860K, reserved 1140736K
  class space    used 12871K, capacity 14023K, committed 14104K, reserved 1048576K
}
Event: 39.309 GC heap after
{Heap after GC invocations=26 (full 0):
 garbage-first heap   total 310272K, used 145735K [0x0000000080000000, 0x0000000100000000)
  region size 1024K, 17 young (17408K), 17 survivors (17408K)
 Metaspace       used 101720K, capacity 104769K, committed 104860K, reserved 1140736K
  class space    used 12871K, capacity 14023K, committed 14104K, reserved 1048576K
}

